0 info it worked if it ends with ok
1 verbose cli [ '/usr/bin/node', '/usr/bin/npm', 'start' ]
2 info using npm@3.10.5
3 info using node@v6.3.1
4 verbose run-script [ 'prestart', 'start', 'poststart' ]
5 info lifecycle zavodnik-landingpage@0.0.1~prestart: zavodnik-landingpage@0.0.1
6 silly lifecycle zavodnik-landingpage@0.0.1~prestart: no script for prestart, continuing
7 info lifecycle zavodnik-landingpage@0.0.1~start: zavodnik-landingpage@0.0.1
8 verbose lifecycle zavodnik-landingpage@0.0.1~start: unsafe-perm in lifecycle true
9 verbose lifecycle zavodnik-landingpage@0.0.1~start: PATH: /usr/lib/node_modules/npm/bin/node-gyp-bin:/home/nemanjan00/zavodnik/web/node_modules/.bin:/usr/bin:/home/nemanjan00/bin:/usr/local/bin:/opt/google-cloud-sdk/bin:/home/nemanjan00/GNUstep/Tools:/usr/local/sbin:/usr/local/bin:/usr/bin:/opt/android-sdk/platform-tools:/opt/android-sdk/tools:/usr/lib/jvm/default/bin:/usr/bin/site_perl:/usr/bin/vendor_perl:/usr/bin/core_perl:/opt/android-sdk/tools:/usr/lib/jvm/java-7-openjdk/bin/:/opt/android-sdk/tools:/usr/lib/jvm/java-7-openjdk/bin/:/opt/android-sdk/build-tools/23.0.2/:/home/nemanjan00/.composer/vendor/bin:/home/nemanjan00/.gem/ruby/2.2.0/bin:/home/nemanjan00/.rvm/bin
10 verbose lifecycle zavodnik-landingpage@0.0.1~start: CWD: /home/nemanjan00/zavodnik/web
11 silly lifecycle zavodnik-landingpage@0.0.1~start: Args: [ '-c', 'node app.js' ]
12 silly lifecycle zavodnik-landingpage@0.0.1~start: Returned: code: 1  signal: null
13 info lifecycle zavodnik-landingpage@0.0.1~start: Failed to exec start script
14 verbose stack Error: zavodnik-landingpage@0.0.1 start: `node app.js`
14 verbose stack Exit status 1
14 verbose stack     at EventEmitter.<anonymous> (/usr/lib/node_modules/npm/lib/utils/lifecycle.js:242:16)
14 verbose stack     at emitTwo (events.js:106:13)
14 verbose stack     at EventEmitter.emit (events.js:191:7)
14 verbose stack     at ChildProcess.<anonymous> (/usr/lib/node_modules/npm/lib/utils/spawn.js:40:14)
14 verbose stack     at emitTwo (events.js:106:13)
14 verbose stack     at ChildProcess.emit (events.js:191:7)
14 verbose stack     at maybeClose (internal/child_process.js:852:16)
14 verbose stack     at Process.ChildProcess._handle.onexit (internal/child_process.js:215:5)
15 verbose pkgid zavodnik-landingpage@0.0.1
16 verbose cwd /home/nemanjan00/zavodnik/web
17 error Linux 4.6.3-1-ARCH
18 error argv "/usr/bin/node" "/usr/bin/npm" "start"
19 error node v6.3.1
20 error npm  v3.10.5
21 error code ELIFECYCLE
22 error zavodnik-landingpage@0.0.1 start: `node app.js`
22 error Exit status 1
23 error Failed at the zavodnik-landingpage@0.0.1 start script 'node app.js'.
23 error Make sure you have the latest version of node.js and npm installed.
23 error If you do, this is most likely a problem with the zavodnik-landingpage package,
23 error not with npm itself.
23 error Tell the author that this fails on your system:
23 error     node app.js
23 error You can get information on how to open an issue for this project with:
23 error     npm bugs zavodnik-landingpage
23 error Or if that isn't available, you can get their info via:
23 error     npm owner ls zavodnik-landingpage
23 error There is likely additional logging output above.
24 verbose exit [ 1, true ]
